  AABB.cpp
  animation.cpp
  Camera.cpp
  EnemySnake.cpp
  explosion.cpp
  Game.cpp
Game.cpp(79): warning C4316: 'Snake': object allocated on the heap may not be aligned 16
Game.cpp(82): warning C4316: 'Camera': object allocated on the heap may not be aligned 16
Game.cpp(131): warning C4316: 'Snake': object allocated on the heap may not be aligned 16
Game.cpp(431): warning C4244: 'argument': conversion from 'double' to 'float', possible loss of data
Game.cpp(456): warning C4244: 'argument': conversion from 'float' to 'int', possible loss of data
Game.cpp(456): warning C4244: '=': conversion from 'int' to 'float', possible loss of data
Game.cpp(457): warning C4244: 'argument': conversion from 'float' to 'int', possible loss of data
Game.cpp(457): warning C4244: '=': conversion from 'int' to 'float', possible loss of data
Game.cpp(490): warning C4244: 'argument': conversion from 'int' to 'float', possible loss of data
Game.cpp(490): warning C4316: 'orb': object allocated on the heap may not be aligned 16
Game.cpp(509): warning C4244: 'argument': conversion from 'float' to 'int', possible loss of data
Game.cpp(509): warning C4244: '=': conversion from 'int' to 'float', possible loss of data
Game.cpp(510): warning C4244: 'argument': conversion from 'float' to 'int', possible loss of data
Game.cpp(510): warning C4244: '=': conversion from 'int' to 'float', possible loss of data
Game.cpp(528): warning C4244: 'argument': conversion from 'int' to 'float', possible loss of data
Game.cpp(528): warning C4316: 'EnemySnake': object allocated on the heap may not be aligned 16
Game.cpp(534): warning C4244: 'argument': conversion from 'double' to 'float', possible loss of data
Game.cpp(573): warning C4244: '+=': conversion from 'double' to 'float', possible loss of data
Game.cpp(594): warning C4244: 'argument': conversion from 'double' to 'float', possible loss of data
  GameEntity.cpp
  level_manager.cpp
  main.cpp
C:\Program Files (x86)\Microsoft Visual Studio 14.0\VC\include\memory(1630): warning C4316: 'Game': object allocated on the heap may not be aligned 16
  main.cpp(18): note: see reference to function template instantiation 'std::unique_ptr<Game,std::default_delete<_Ty>> std::make_unique<Game,const char(&)[7],const int&,const int&,bool>(const char (&)[7],const int &,const int &,bool &&)' being compiled
          with
          [
              _Ty=Game
          ]
  map_loader.cpp
map_loader.cpp(46): warning C4244: 'initializing': conversion from 'int' to 'float', possible loss of data
map_loader.cpp(47): warning C4244: 'initializing': conversion from 'int' to 'float', possible loss of data
map_loader.cpp(48): warning C4244: 'initializing': conversion from 'int' to 'float', possible loss of data
map_loader.cpp(49): warning C4244: 'initializing': conversion from 'int' to 'float', possible loss of data
  orb.cpp
  quadtree.cpp
quadtree.cpp(59): warning C4316: 'quadtree': object allocated on the heap may not be aligned 16
quadtree.cpp(60): warning C4316: 'quadtree': object allocated on the heap may not be aligned 16
quadtree.cpp(61): warning C4316: 'quadtree': object allocated on the heap may not be aligned 16
quadtree.cpp(62): warning C4316: 'quadtree': object allocated on the heap may not be aligned 16
  application.cpp
shadyengine\application.cpp(23): warning C4244: 'initializing': conversion from 'int' to 'float', possible loss of data
  app_manager.cpp
  debugger.cpp
  logger.cpp
  particles_renderer.cpp
  random.cpp
shadyengine\random.cpp(12): warning C4244: 'argument': conversion from '__int64' to 'unsigned int', possible loss of data
shadyengine\random.cpp(23): warning C4244: 'argument': conversion from '__int64' to 'unsigned int', possible loss of data
shadyengine\random.cpp(30): warning C4244: 'return': conversion from 'double' to 'float', possible loss of data
shadyengine\random.cpp(46): warning C4244: '=': conversion from 'double' to 'float', possible loss of data
shadyengine\random.cpp(47): warning C4244: '=': conversion from 'double' to 'float', possible loss of data
shadyengine\random.cpp(48): warning C4244: '=': conversion from 'double' to 'float', possible loss of data
  resources.cpp
shadyengine\resources.cpp(42): warning C4101: 'f': unreferenced local variable
  shader.cpp
  Compiling...
  sound_manager.cpp
  sprite_renderer.cpp
  texture2D.cpp
shadyengine\texture2D.cpp(75): warning C4244: 'argument': conversion from 'float' to 'GLsizei', possible loss of data
  text_renderer.cpp
  timer.cpp
  Snake.cpp
  tinyxml2.cpp
  wave.cpp
  wave_point.cpp
SOIL.lib(SOIL.obj) : warning LNK4075: ignoring '/EDITANDCONTINUE' due to '/OPT:ICF' specification
LINK : warning LNK4098: defaultlib 'MSVCRTD' conflicts with use of other libs; use /NODEFAULTLIB:library
  Generating code
  2771 of 2781 functions (99.6%) were compiled, the rest were copied from previous compilation.
    0 functions were new in current compilation
    0 functions had inline decision re-evaluated but remain unchanged
  Finished generating code
SOIL.lib(image_DXT.obj) : warning LNK4099: PDB 'vc100.pdb' was not found with 'SOIL.lib(image_DXT.obj)' or at 'F:\my projects\Shady Snake\src\Shady Snake\Release\vc100.pdb'; linking object as if no debug info
SOIL.lib(image_helper.obj) : warning LNK4099: PDB 'vc100.pdb' was not found with 'SOIL.lib(image_helper.obj)' or at 'F:\my projects\Shady Snake\src\Shady Snake\Release\vc100.pdb'; linking object as if no debug info
SOIL.lib(SOIL.obj) : warning LNK4099: PDB 'vc100.pdb' was not found with 'SOIL.lib(SOIL.obj)' or at 'F:\my projects\Shady Snake\src\Shady Snake\Release\vc100.pdb'; linking object as if no debug info
SOIL.lib(stb_image_aug.obj) : warning LNK4099: PDB 'vc100.pdb' was not found with 'SOIL.lib(stb_image_aug.obj)' or at 'F:\my projects\Shady Snake\src\Shady Snake\Release\vc100.pdb'; linking object as if no debug info
  Shady Snake.vcxproj -> F:\my projects\Shady Snake\src\Shady Snake\Release\Shady Snake.exe
  Shady Snake.vcxproj -> F:\my projects\Shady Snake\src\Shady Snake\Release\Shady Snake.pdb (Full PDB)
